<?xml version="1.0" encoding="UTF-8" ?>
<testsuite errors="0" failures="0" hostname="AndrewBoothroyd" name="com.cucumber.MavenCucumberPrototype.RunnerTest" skipped="0" tests="6" time="18.709" timestamp="2016-11-09T10:45:13">
  <properties>
[...]
</properties>
  <testcase classname="Scenario: My First Scenario" name="Given I am on website" time="0.001" />
  <testcase classname="Scenario: My First Scenario" name="When I click on link" time="0.0" />
  <testcase classname="Scenario: My First Scenario" name="Then Navigated page should be correct" time="0.0" />
  <testcase classname="junit.framework.TestSuite" name="Scenario: My First Scenario" time="18.489" />
  <system-out><![CDATA[Feature: My First Feature or User Story

  @Wiki
  Scenario: My First Scenario             [90m# MyFirstFeatureFile.feature:4[0m
    [32mGiven [0m[32mI am on website[0m                 [90m# Steps.i_am_on_website()[0m
    [32mWhen [0m[32mI click on link[0m                  [90m# Steps.i_click_on_link()[0m
    [32mThen [0m[32mNavigated page should be correct[0m [90m# Steps.navigated_page_should_be_correct()[0m

1 Scenarios ([32m1 passed[0m)
3 Steps ([32m3 passed[0m)
0m18.428s

]]></system-out>
  <system-err><![CDATA[]]></system-err>
</testsuite>
